<?xml version="1.0" encoding="UTF-8"?>
<!-- Generated by org.testng.reporters.JUnitXMLReporter -->
<testsuite hostname="LAPTOP-RN7TM8CP" ignored="0" name="Test" tests="6" failures="0" timestamp="2020-11-02T22:34:03 IST" time="0.051" errors="0">
  <testcase name="IOSapp" time="0.007" classname="qaclickacademy.AppiumTest"/>
  <testcase name="Nativeappandroid" time="0.001" classname="qaclickacademy.AppiumTest"/>
  <testcase name="Elementsui" time="0.0" classname="qaclickacademy.SeleniumTest"/>
  <testcase name="browser" time="0.001" classname="qaclickacademy.SeleniumTest"/>
  <testcase name="Deletetwitter" time="0.001" classname="qaclickacademy.RestAPITest"/>
  <testcase name="PostJira" time="0.001" classname="qaclickacademy.RestAPITest"/>
</testsuite> <!-- Test -->
