<?xml version="1.0" encoding="UTF-8"?>
<!-- Generated by org.testng.reporters.JUnitXMLReporter -->
<testsuite hostname="LAPTOP-RN7TM8CP" ignored="0" name="Test" tests="4" failures="0" timestamp="2020-11-02T22:38:54 IST" time="0.046" errors="0">
  <testcase name="IOSapp" time="0.004" classname="qaclickacademy.AppiumTest"/>
  <testcase name="Nativeappandroid" time="0.0" classname="qaclickacademy.AppiumTest"/>
  <testcase name="Elementsui" time="0.001" classname="qaclickacademy.SeleniumTest"/>
  <testcase name="browser" time="0.0" classname="qaclickacademy.SeleniumTest"/>
</testsuite> <!-- Test -->
